生成启动时间为 2017/3/6 16:12:52。
     1>项目“D:\2016c++\SendMailClient\SendMailClient\SendMailClient.vcxproj”在节点 2 上(build 个目标)。
     1>InitializeBuildStatus:
         正在创建“Debug\SendMailClient.unsuccessfulbuild”，因为已指定“AlwaysCreate”。
       ClCompile:
         所有输出均为最新。
         所有输出均为最新。
       ResourceCompile:
         C:\Program Files (x86)\Microsoft SDKs\Windows\v7.0A\bin\rc.exe /D _DEBUG /D _AFXDLL /l"0x0804" /IDebug\ /nologo /fo"Debug\SendMailClient.res" SendMailClient.rc 
       ManifestResourceCompile:
         所有输出均为最新。
       Link:
         C:\Program Files (x86)\Microsoft Visual Studio 10.0\VC\bin\link.exe /ERRORREPORT:PROMPT /OUT:"D:\2016c++\SendMailClient\Debug\SendMailClient.exe" /INCREMENTAL /NOLOGO /MANIFEST /ManifestFile:"Debug\SendMailClient.exe.intermediate.manifest" /MANIFESTUAC:"level='asInvoker' uiAccess='false'" /DEBUG /PDB:"D:\2016c++\SendMailClient\Debug\SendMailClient.pdb" /SUBSYSTEM:WINDOWS /TLBID:1 /DYNAMICBASE /NXCOMPAT /IMPLIB:"D:\2016c++\SendMailClient\Debug\SendMailClient.lib" /MACHINE:X86 Debug\SendMailClient.res
         Debug\SendMailClient.exe.embed.manifest.res
         Debug\SendMailClient.obj
         Debug\SendMailClientDlg.obj
         Debug\Setup.obj
         Debug\stdafx.obj
       Manifest:
         C:\Program Files (x86)\Microsoft SDKs\Windows\v7.0A\bin\mt.exe /nologo /verbose /out:"Debug\SendMailClient.exe.embed.manifest" /manifest Debug\SendMailClient.exe.intermediate.manifest "C:\Program Files (x86)\Microsoft Visual Studio 10.0\VC\Include\Manifest\dpiaware.manifest"
         所有输出均为最新。
       LinkEmbedManifest:
         所有输出均为最新。
         SendMailClient.vcxproj -> D:\2016c++\SendMailClient\Debug\SendMailClient.exe
       FinalizeBuildStatus:
         正在删除文件“Debug\SendMailClient.unsuccessfulbuild”。
         正在对“Debug\SendMailClient.lastbuildstate”执行 Touch 任务。
     1>已完成生成项目“D:\2016c++\SendMailClient\SendMailClient\SendMailClient.vcxproj”(build 个目标)的操作。

生成成功。

已用时间 00:00:00.69
