D:\2016C++\SENDMAILCLIENT\DEBUG\SENDMAILCLIENT.EXE
D:\2016C++\SENDMAILCLIENT\DEBUG\SENDMAILCLIENT.ILK
D:\2016C++\SENDMAILCLIENT\DEBUG\SENDMAILCLIENT.PDB
D:\2016c++\SendMailClient\SendMailClient\Debug\cl.command.1.tlog
D:\2016c++\SendMailClient\SendMailClient\Debug\CL.read.1.tlog
D:\2016c++\SendMailClient\SendMailClient\Debug\CL.write.1.tlog
D:\2016c++\SendMailClient\SendMailClient\Debug\link.command.1.tlog
D:\2016c++\SendMailClient\SendMailClient\Debug\link.read.1.tlog
D:\2016c++\SendMailClient\SendMailClient\Debug\link.write.1.tlog
D:\2016c++\SendMailClient\SendMailClient\Debug\link-cvtres.read.1.tlog
D:\2016c++\SendMailClient\SendMailClient\Debug\link-cvtres.write.1.tlog
D:\2016c++\SendMailClient\SendMailClient\Debug\mt.command.1.tlog
D:\2016c++\SendMailClient\SendMailClient\Debug\mt.read.1.tlog
D:\2016c++\SendMailClient\SendMailClient\Debug\mt.write.1.tlog
D:\2016c++\SendMailClient\SendMailClient\Debug\rc.command.1.tlog
D:\2016c++\SendMailClient\SendMailClient\Debug\rc.read.1.tlog
D:\2016c++\SendMailClient\SendMailClient\Debug\rc.write.1.tlog
D:\2016C++\SENDMAILCLIENT\SENDMAILCLIENT\DEBUG\SENDMAILCLIENT.EXE.EMBED.MANIFEST
D:\2016C++\SENDMAILCLIENT\SENDMAILCLIENT\DEBUG\SENDMAILCLIENT.EXE.EMBED.MANIFEST.RES
D:\2016C++\SENDMAILCLIENT\SENDMAILCLIENT\DEBUG\SENDMAILCLIENT.EXE.INTERMEDIATE.MANIFEST
D:\2016C++\SENDMAILCLIENT\SENDMAILCLIENT\DEBUG\SENDMAILCLIENT.OBJ
D:\2016C++\SENDMAILCLIENT\SENDMAILCLIENT\DEBUG\SENDMAILCLIENT.PCH
D:\2016C++\SENDMAILCLIENT\SENDMAILCLIENT\DEBUG\SENDMAILCLIENT.RES
D:\2016c++\SendMailClient\SendMailClient\Debug\SendMailClient.vcxprojResolveAssemblyReference.cache
D:\2016c++\SendMailClient\SendMailClient\Debug\SendMailClient.write.1.tlog
D:\2016c++\SendMailClient\SendMailClient\Debug\SendMailClient_manifest.rc
D:\2016C++\SENDMAILCLIENT\SENDMAILCLIENT\DEBUG\SETUP.OBJ
D:\2016C++\SENDMAILCLIENT\SENDMAILCLIENT\DEBUG\STDAFX.OBJ
D:\2016c++\SendMailClient\SendMailClient\Debug\vc100.idb
D:\2016C++\SENDMAILCLIENT\SENDMAILCLIENT\DEBUG\VC100.PDB
